2020-04-20 15:47:37,089 INFO org.springframework.boot.SpringApplication [main] The following profiles are active: dev
2020-04-20 15:47:38,733 INFO org.springframework.data.repository.config.RepositoryConfigurationDelegate [main] Bootstrapping Spring Data JPA repositories in DEFAULT mode.
2020-04-20 15:47:39,015 INFO org.springframework.data.repository.config.RepositoryConfigurationDelegate [main] Finished Spring Data repository scanning in 266ms. Found 11 JPA repository interfaces.
2020-04-20 15:47:39,271 INFO org.springframework.cloud.context.scope.GenericScope [main] BeanFactory id=5e23409d-0061-30f8-80bb-2103d7d2315b
2020-04-20 15:47:39,974 INFO org.springframework.boot.web.embedded.tomcat.TomcatWebServer [main] Tomcat initialized with port(s): 7009 (http)
2020-04-20 15:47:39,997 INFO org.apache.juli.logging.DirectJDKLog [main] Initializing ProtocolHandler ["http-nio-7009"]
2020-04-20 15:47:39,998 INFO org.apache.juli.logging.DirectJDKLog [main] Starting service [Tomcat]
2020-04-20 15:47:39,998 INFO org.apache.juli.logging.DirectJDKLog [main] Starting Servlet engine: [Apache Tomcat/9.0.33]
2020-04-20 15:47:40,230 INFO org.apache.juli.logging.DirectJDKLog [main] Initializing Spring embedded WebApplicationContext
2020-04-20 15:47:40,231 INFO org.springframework.boot.web.servlet.context.ServletWebServerApplicationContext [main] Root WebApplicationContext: initialization completed in 3115 ms
2020-04-20 15:47:40,496 INFO org.hibernate.jpa.internal.util.LogHelper [main] HHH000204: Processing PersistenceUnitInfo [name: default]
2020-04-20 15:47:40,654 INFO org.hibernate.Version [main] HHH000412: Hibernate ORM core version 5.4.12.Final
2020-04-20 15:47:40,923 INFO org.hibernate.annotations.common.reflection.java.JavaReflectionManager [main] HCANN000001: Hibernate Commons Annotations {5.1.0.Final}
2020-04-20 15:47:41,073 INFO com.zaxxer.hikari.HikariDataSource [main] HikariPool-1 - Starting...
2020-04-20 15:47:41,651 INFO com.zaxxer.hikari.HikariDataSource [main] HikariPool-1 - Start completed.
2020-04-20 15:47:41,672 INFO org.hibernate.dialect.Dialect [main] HHH000400: Using dialect: org.hibernate.dialect.MySQL57Dialect
2020-04-20 15:47:42,969 INFO org.hibernate.engine.transaction.jta.platform.internal.JtaPlatformInitiator [main] HHH000490: Using JtaPlatform implementation: [org.hibernate.engine.transaction.jta.platform.internal.NoJtaPlatform]
2020-04-20 15:47:42,979 INFO org.springframework.orm.jpa.AbstractEntityManagerFactoryBean [main] Initialized JPA EntityManagerFactory for persistence unit 'default'
2020-04-20 15:47:43,982 WARN org.springframework.boot.autoconfigure.orm.jpa.JpaBaseConfiguration$JpaWebConfiguration [main] spring.jpa.open-in-view is enabled by default. Therefore, database queries may be performed during view rendering. Explicitly configure spring.jpa.open-in-view to disable this warning
2020-04-20 15:47:44,175 INFO springfox.documentation.spring.web.PropertySourcedRequestMappingHandlerMapping [main] Mapped URL path [/v2/api-docs] onto method [springfox.documentation.swagger2.web.Swagger2Controller#getDocumentation(String, HttpServletRequest)]
2020-04-20 15:47:44,191 WARN com.netflix.config.sources.URLConfigurationSource [main] No URLs will be polled as dynamic configuration sources.
2020-04-20 15:47:44,191 INFO com.netflix.config.sources.URLConfigurationSource [main] To enable URLs as dynamic configuration sources, define System property archaius.configurationSource.additionalUrls or make config.properties available on classpath.
2020-04-20 15:47:44,203 WARN com.netflix.config.sources.URLConfigurationSource [main] No URLs will be polled as dynamic configuration sources.
2020-04-20 15:47:44,203 INFO com.netflix.config.sources.URLConfigurationSource [main] To enable URLs as dynamic configuration sources, define System property archaius.configurationSource.additionalUrls or make config.properties available on classpath.
2020-04-20 15:47:44,347 INFO org.springframework.scheduling.concurrent.ExecutorConfigurationSupport [main] Initializing ExecutorService 'applicationTaskExecutor'
2020-04-20 15:47:44,829 INFO springfox.documentation.spring.web.plugins.DocumentationPluginsBootstrapper [main] Context refreshed
2020-04-20 15:47:44,852 INFO springfox.documentation.spring.web.plugins.DocumentationPluginsBootstrapper [main] Found 1 custom documentation plugin(s)
2020-04-20 15:47:44,895 INFO springfox.documentation.spring.web.scanners.ApiListingReferenceScanner [main] Scanning for api listing references
2020-04-20 15:47:45,254 INFO springfox.documentation.spring.web.readers.operation.CachingOperationNameGenerator [main] Generating unique operation named: getCategoriesUsingGET_1
2020-04-20 15:47:45,302 INFO springfox.documentation.spring.web.readers.operation.CachingOperationNameGenerator [main] Generating unique operation named: getAllUsingGET_1
2020-04-20 15:47:45,338 INFO springfox.documentation.spring.web.readers.operation.CachingOperationNameGenerator [main] Generating unique operation named: saveUsingPOST_1
2020-04-20 15:47:45,367 INFO springfox.documentation.spring.web.readers.operation.CachingOperationNameGenerator [main] Generating unique operation named: postProductUsingPOST_1
2020-04-20 15:47:45,414 INFO org.apache.juli.logging.DirectJDKLog [main] Starting ProtocolHandler ["http-nio-7009"]
2020-04-20 15:47:45,455 INFO org.springframework.boot.web.embedded.tomcat.TomcatWebServer [main] Tomcat started on port(s): 7009 (http) with context path ''
2020-04-20 15:47:45,702 INFO org.springframework.boot.StartupInfoLogger [main] Started JewelryStoreApplication in 10.257 seconds (JVM running for 11.246)
2020-04-20 15:48:41,696 INFO org.apache.juli.logging.DirectJDKLog [http-nio-7009-exec-2] Initializing Spring DispatcherServlet 'dispatcherServlet'
2020-04-20 15:48:41,698 INFO org.springframework.web.servlet.FrameworkServlet [http-nio-7009-exec-2] Initializing Servlet 'dispatcherServlet'
2020-04-20 15:48:41,709 INFO org.springframework.web.servlet.FrameworkServlet [http-nio-7009-exec-2] Completed initialization in 11 ms
2020-04-20 15:48:41,925 WARN org.apache.juli.logging.DirectJDKLog [http-nio-7009-exec-2] Creation of SecureRandom instance for session ID generation using [SHA1PRNG] took [170] milliseconds.
2020-04-20 15:54:58,439 INFO org.springframework.boot.SpringApplication [main] The following profiles are active: dev
2020-04-20 15:54:59,574 INFO org.springframework.data.repository.config.RepositoryConfigurationDelegate [main] Bootstrapping Spring Data JPA repositories in DEFAULT mode.
2020-04-20 15:54:59,842 INFO org.springframework.data.repository.config.RepositoryConfigurationDelegate [main] Finished Spring Data repository scanning in 249ms. Found 11 JPA repository interfaces.
2020-04-20 15:55:00,152 INFO org.springframework.cloud.context.scope.GenericScope [main] BeanFactory id=5e23409d-0061-30f8-80bb-2103d7d2315b
2020-04-20 15:55:00,891 INFO org.springframework.boot.web.embedded.tomcat.TomcatWebServer [main] Tomcat initialized with port(s): 7009 (http)
2020-04-20 15:55:00,904 INFO org.apache.juli.logging.DirectJDKLog [main] Initializing ProtocolHandler ["http-nio-7009"]
2020-04-20 15:55:00,905 INFO org.apache.juli.logging.DirectJDKLog [main] Starting service [Tomcat]
2020-04-20 15:55:00,905 INFO org.apache.juli.logging.DirectJDKLog [main] Starting Servlet engine: [Apache Tomcat/9.0.33]
2020-04-20 15:55:01,173 INFO org.apache.juli.logging.DirectJDKLog [main] Initializing Spring embedded WebApplicationContext
2020-04-20 15:55:01,173 INFO org.springframework.boot.web.servlet.context.ServletWebServerApplicationContext [main] Root WebApplicationContext: initialization completed in 2710 ms
2020-04-20 15:55:01,445 INFO org.hibernate.jpa.internal.util.LogHelper [main] HHH000204: Processing PersistenceUnitInfo [name: default]
2020-04-20 15:55:01,544 INFO org.hibernate.Version [main] HHH000412: Hibernate ORM core version 5.4.12.Final
2020-04-20 15:55:01,768 INFO org.hibernate.annotations.common.reflection.java.JavaReflectionManager [main] HCANN000001: Hibernate Commons Annotations {5.1.0.Final}
2020-04-20 15:55:01,930 INFO com.zaxxer.hikari.HikariDataSource [main] HikariPool-1 - Starting...
2020-04-20 15:55:02,402 INFO com.zaxxer.hikari.HikariDataSource [main] HikariPool-1 - Start completed.
2020-04-20 15:55:02,419 INFO org.hibernate.dialect.Dialect [main] HHH000400: Using dialect: org.hibernate.dialect.MySQL57Dialect
2020-04-20 15:55:03,768 INFO org.hibernate.engine.transaction.jta.platform.internal.JtaPlatformInitiator [main] HHH000490: Using JtaPlatform implementation: [org.hibernate.engine.transaction.jta.platform.internal.NoJtaPlatform]
2020-04-20 15:55:03,776 INFO org.springframework.orm.jpa.AbstractEntityManagerFactoryBean [main] Initialized JPA EntityManagerFactory for persistence unit 'default'
2020-04-20 15:55:04,958 WARN org.springframework.boot.autoconfigure.orm.jpa.JpaBaseConfiguration$JpaWebConfiguration [main] spring.jpa.open-in-view is enabled by default. Therefore, database queries may be performed during view rendering. Explicitly configure spring.jpa.open-in-view to disable this warning
2020-04-20 15:55:05,157 INFO springfox.documentation.spring.web.PropertySourcedRequestMappingHandlerMapping [main] Mapped URL path [/v2/api-docs] onto method [springfox.documentation.swagger2.web.Swagger2Controller#getDocumentation(String, HttpServletRequest)]
2020-04-20 15:55:05,172 WARN com.netflix.config.sources.URLConfigurationSource [main] No URLs will be polled as dynamic configuration sources.
2020-04-20 15:55:05,173 INFO com.netflix.config.sources.URLConfigurationSource [main] To enable URLs as dynamic configuration sources, define System property archaius.configurationSource.additionalUrls or make config.properties available on classpath.
2020-04-20 15:55:05,181 WARN com.netflix.config.sources.URLConfigurationSource [main] No URLs will be polled as dynamic configuration sources.
2020-04-20 15:55:05,182 INFO com.netflix.config.sources.URLConfigurationSource [main] To enable URLs as dynamic configuration sources, define System property archaius.configurationSource.additionalUrls or make config.properties available on classpath.
2020-04-20 15:55:05,341 INFO org.springframework.scheduling.concurrent.ExecutorConfigurationSupport [main] Initializing ExecutorService 'applicationTaskExecutor'
2020-04-20 15:55:05,906 INFO springfox.documentation.spring.web.plugins.DocumentationPluginsBootstrapper [main] Context refreshed
2020-04-20 15:55:05,940 INFO springfox.documentation.spring.web.plugins.DocumentationPluginsBootstrapper [main] Found 1 custom documentation plugin(s)
2020-04-20 15:55:06,002 INFO springfox.documentation.spring.web.scanners.ApiListingReferenceScanner [main] Scanning for api listing references
2020-04-20 15:55:06,319 INFO springfox.documentation.spring.web.readers.operation.CachingOperationNameGenerator [main] Generating unique operation named: getCategoriesUsingGET_1
2020-04-20 15:55:06,376 INFO springfox.documentation.spring.web.readers.operation.CachingOperationNameGenerator [main] Generating unique operation named: getAllUsingGET_1
2020-04-20 15:55:06,412 INFO springfox.documentation.spring.web.readers.operation.CachingOperationNameGenerator [main] Generating unique operation named: saveUsingPOST_1
2020-04-20 15:55:06,435 INFO springfox.documentation.spring.web.readers.operation.CachingOperationNameGenerator [main] Generating unique operation named: postProductUsingPOST_1
2020-04-20 15:55:06,504 INFO org.apache.juli.logging.DirectJDKLog [main] Starting ProtocolHandler ["http-nio-7009"]
2020-04-20 15:55:06,550 INFO org.springframework.boot.web.embedded.tomcat.TomcatWebServer [main] Tomcat started on port(s): 7009 (http) with context path ''
2020-04-20 15:55:06,867 INFO org.springframework.boot.StartupInfoLogger [main] Started JewelryStoreApplication in 10.202 seconds (JVM running for 11.302)
2020-04-20 15:57:53,979 INFO org.apache.juli.logging.DirectJDKLog [http-nio-7009-exec-2] Initializing Spring DispatcherServlet 'dispatcherServlet'
2020-04-20 15:57:53,981 INFO org.springframework.web.servlet.FrameworkServlet [http-nio-7009-exec-2] Initializing Servlet 'dispatcherServlet'
2020-04-20 15:57:53,990 INFO org.springframework.web.servlet.FrameworkServlet [http-nio-7009-exec-2] Completed initialization in 9 ms
2020-04-20 15:57:54,255 WARN org.apache.juli.logging.DirectJDKLog [http-nio-7009-exec-2] Creation of SecureRandom instance for session ID generation using [SHA1PRNG] took [206] milliseconds.
2020-04-20 20:29:28,388 WARN com.zaxxer.hikari.pool.HikariPool$HouseKeeper [HikariPool-1 housekeeper] HikariPool-1 - Thread starvation or clock leap detected (housekeeper delta=3h25s659ms566µs200ns).
